24-03-2023 	 16:15:07	GET	/user/profile	http://localhost:3000
24-03-2023 	 16:15:06	GET	/user/profile	http://localhost:3000
24-03-2023 	 16:15:06	OPTIONS	/user/profile	http://localhost:3000
24-03-2023 	 16:14:10	GET	/order/order-history	http://localhost:3000
24-03-2023 	 16:14:10	GET	/order/order-history	http://localhost:3000
24-03-2023 	 16:14:10	OPTIONS	/order/order-history	http://localhost:3000
24-03-2023 	 16:14:04	GET	/employee/users	http://localhost:3000
24-03-2023 	 16:14:04	OPTIONS	/employee/users/status/63df53a57a830ac615ecf417	http://localhost:3000
24-03-2023 	 16:13:59	GET	/user/profile	http://localhost:3000
24-03-2023 	 16:13:59	GET	/user/profile	http://localhost:3000
24-03-2023 	 16:13:57	POST	/auth/user/login-with-google	http://localhost:3000
24-03-2023 	 16:13:30	GET	/user/profile	http://localhost:3000
24-03-2023 	 16:13:30	OPTIONS	/user/profile	http://localhost:3000
24-03-2023 	 16:13:28	POST	/auth/user/login-with-google	http://localhost:3000
24-03-2023 	 16:13:28	OPTIONS	/auth/user/login-with-google	http://localhost:3000
24-03-2023 	 16:13:20	GET	/employee/users	http://localhost:3000
24-03-2023 	 16:13:19	OPTIONS	/employee/users	http://localhost:3000
24-03-2023 	 16:13:19	PUT	/employee/users/status/63df53a57a830ac615ecf417	http://localhost:3000
24-03-2023 	 16:13:19	OPTIONS	/employee/users/status/63df53a57a830ac615ecf417	http://localhost:3000
24-03-2023 	 16:12:18	GET	/user/profile	http://localhost:3000
24-03-2023 	 16:12:18	OPTIONS	/user/profile	http://localhost:3000
24-03-2023 	 16:11:26	GET	/user/profile	http://localhost:3000
24-03-2023 	 16:11:26	GET	/user/profile	http://localhost:3000
24-03-2023 	 16:11:25	GET	/user/profile	http://localhost:3000
24-03-2023 	 16:11:25	GET	/user/profile	http://localhost:3000
24-03-2023 	 16:11:25	OPTIONS	/user/profile	http://localhost:3000
24-03-2023 	 16:11:24	GET	/user/profile	http://localhost:3000
24-03-2023 	 16:11:24	GET	/user/profile	http://localhost:3000
24-03-2023 	 16:11:22	GET	/user/profile	http://localhost:3000
24-03-2023 	 16:11:22	GET	/user/profile	http://localhost:3000
24-03-2023 	 16:11:20	GET	/user/profile	http://localhost:3000
24-03-2023 	 16:11:20	GET	/user/profile	http://localhost:3000
24-03-2023 	 16:11:19	GET	/user/profile	http://localhost:3000
24-03-2023 	 16:11:19	GET	/user/profile	http://localhost:3000
24-03-2023 	 16:11:19	OPTIONS	/user/profile	http://localhost:3000
24-03-2023 	 16:11:17	GET	/user/profile	http://localhost:3000
24-03-2023 	 16:11:17	GET	/user/profile	http://localhost:3000
24-03-2023 	 16:11:16	GET	/user/profile	http://localhost:3000
24-03-2023 	 16:11:16	GET	/user/profile	http://localhost:3000
24-03-2023 	 16:11:15	GET	/user/profile	http://localhost:3000
24-03-2023 	 16:11:14	GET	/user/profile	http://localhost:3000
24-03-2023 	 16:11:13	GET	/user/profile	http://localhost:3000
24-03-2023 	 16:11:13	GET	/user/profile	http://localhost:3000
24-03-2023 	 16:11:13	OPTIONS	/user/profile	http://localhost:3000
24-03-2023 	 16:11:12	GET	/user/profile	http://localhost:3000
24-03-2023 	 16:11:11	GET	/user/profile	http://localhost:3000
24-03-2023 	 16:11:10	GET	/user/profile	http://localhost:3000
24-03-2023 	 16:11:10	GET	/user/profile	http://localhost:3000
24-03-2023 	 16:11:09	GET	/user/profile	http://localhost:3000
24-03-2023 	 16:11:09	GET	/user/profile	http://localhost:3000
24-03-2023 	 16:11:07	GET	/user/profile	http://localhost:3000
24-03-2023 	 16:11:07	GET	/user/profile	http://localhost:3000
24-03-2023 	 16:11:07	OPTIONS	/user/profile	http://localhost:3000
24-03-2023 	 16:09:25	GET	/user/profile	http://localhost:3000
24-03-2023 	 16:09:08	GET	/user/profile	http://localhost:3000
24-03-2023 	 16:09:08	OPTIONS	/user/profile	http://localhost:3000
24-03-2023 	 16:07:55	GET	/user/profile	http://localhost:3000
24-03-2023 	 16:07:55	GET	/user/profile	http://localhost:3000
24-03-2023 	 16:07:55	OPTIONS	/user/profile	http://localhost:3000
24-03-2023 	 16:07:04	GET	/user/profile	http://localhost:3000
24-03-2023 	 16:07:03	GET	/user/profile	http://localhost:3000
24-03-2023 	 16:06:58	OPTIONS	/user/profile	http://localhost:3000
24-03-2023 	 16:05:05	GET	/user/profile	http://localhost:3000
24-03-2023 	 16:05:05	OPTIONS	/user/profile	http://localhost:3000
24-03-2023 	 16:03:49	GET	/user/profile	http://localhost:3000
24-03-2023 	 16:03:49	OPTIONS	/user/profile	http://localhost:3000
24-03-2023 	 16:03:27	GET	/user/profile	http://localhost:3000
24-03-2023 	 16:03:27	OPTIONS	/user/profile	http://localhost:3000
24-03-2023 	 16:02:08	GET	/user/profile	http://localhost:3000
24-03-2023 	 16:02:08	GET	/user/profile	http://localhost:3000
24-03-2023 	 16:02:08	OPTIONS	/user/profile	http://localhost:3000
24-03-2023 	 16:02:06	GET	/employee/users	http://localhost:3000
24-03-2023 	 16:02:05	GET	/employee/users	http://localhost:3000
24-03-2023 	 16:02:05	OPTIONS	/employee/users	http://localhost:3000
24-03-2023 	 16:00:24	GET	/user/profile	http://localhost:3000
24-03-2023 	 16:00:24	OPTIONS	/user/profile	http://localhost:3000
24-03-2023 	 15:57:40	GET	/user/profile	http://localhost:3000
24-03-2023 	 15:57:40	OPTIONS	/user/profile	http://localhost:3000
24-03-2023 	 15:49:42	GET	/order/order-history	http://localhost:3000
24-03-2023 	 15:49:41	GET	/order/order-history	http://localhost:3000
24-03-2023 	 15:49:41	OPTIONS	/order/order-history	http://localhost:3000
24-03-2023 	 15:49:30	GET	/user/profile	http://localhost:3000
24-03-2023 	 15:49:28	GET	/user/profile	http://localhost:3000
24-03-2023 	 15:49:28	OPTIONS	/user/profile	http://localhost:3000
24-03-2023 	 15:49:04	GET	/order/order-history	http://localhost:3000
24-03-2023 	 15:49:03	GET	/order/order-history	http://localhost:3000
24-03-2023 	 15:49:03	OPTIONS	/order/order-history	http://localhost:3000
24-03-2023 	 15:48:43	GET	/employee/users	http://localhost:3000
24-03-2023 	 15:48:43	OPTIONS	/employee/users	http://localhost:3000
24-03-2023 	 15:48:43	PUT	/employee/users/status/63df53a57a830ac615ecf417	http://localhost:3000
24-03-2023 	 15:46:13	GET	/user/profile	http://localhost:3000
24-03-2023 	 15:46:13	GET	/user/profile	http://localhost:3000
24-03-2023 	 15:46:12	OPTIONS	/user/profile	http://localhost:3000
24-03-2023 	 15:46:11	POST	/auth/user/login-with-google	http://localhost:3000
24-03-2023 	 15:46:11	OPTIONS	/auth/user/login-with-google	http://localhost:3000
24-03-2023 	 15:45:53	GET	/employee/users	http://localhost:3000
24-03-2023 	 15:45:53	OPTIONS	/employee/users	http://localhost:3000
24-03-2023 	 15:45:52	PUT	/employee/users/status/63df53a57a830ac615ecf417	http://localhost:3000
24-03-2023 	 15:45:52	OPTIONS	/employee/users/status/63df53a57a830ac615ecf417	http://localhost:3000
24-03-2023 	 15:42:02	POST	/auth/user/login-with-google	http://localhost:3000
000
00

00

00
